{"name": "test_login_invalid[credentials0]", "status": "failed", "statusDetails": {"message": "AssertionError: assert 'Калькулятор' not in 'Калькулятор'\n  'Калькулятор' is contained here:\n    Калькулятор", "trace": "browser = <selenium.webdriver.firefox.webdriver.WebDriver (session=\"f311c518-04f1-4d3a-ba87-d1d4ac9a5366\")>, credentials = {'password': 'invalid_password', 'username': 'invalid_username'}\n\n    @pytest.allure.severity(pytest.allure.severity_level.CRITICAL)\n    @pytest.mark.parametrize('credentials', [\n        {'username': 'invalid_username', 'password': 'invalid_password'},\n        {'username': '', 'password': ''}\n    ])\n    def test_login_invalid(browser, credentials):\n        \"\"\" Invalid login. \"\"\"\n        browser.get('http://rulkov.ru/qa/#/login')\n    \n        wait = WebDriverWait(browser, timeout)\n        username = wait.until(EC.presence_of_element_located((By.NAME, 'username')))\n        password = wait.until(EC.presence_of_element_located((By.NAME, 'password')))\n    \n        username.send_keys(credentials['username'])\n        password.send_keys(credentials['password'])\n    \n        browser.find_element_by_xpath(\"//button[@type='submit']\").click()\n    \n        time.sleep(3)\n    \n        allure.attach(browser.get_screenshot_as_png(), name=\"Screenshot\", attachment_type=AttachmentType.PNG)\n    \n        # Shouldn't redirect to Addition page.\n>       assert \"Калькулятор\" not in browser.title\nE       AssertionError: assert 'Калькулятор' not in 'Калькулятор'\nE         'Калькулятор' is contained here:\nE           Калькулятор\n\ntests/test_security.py:36: AssertionError"}, "description": " Invalid login. ", "attachments": [{"name": "Screenshot", "source": "79a31526-0b71-4b33-91a6-fb821fd9d894-attachment.png", "type": "image/png"}], "parameters": [{"name": "credentials", "value": "{'username': 'invalid_username', 'password': 'invalid_password'}"}], "start": 1533658341522, "stop": 1533658346503, "uuid": "d9667840-6ee3-4420-ace5-eff32d0ff4da", "historyId": "b38bec7db8fc269a0268c4528e5f2295", "fullName": "tests.test_security#test_login_invalid[credentials0]", "labels": [{"name": "severity", "value": "critical"}, {"name": "host", "value": "asus-UX32LN"}, {"name": "thread", "value": "21761-MainThread"}, {"name": "framework", "value": "pytest"}, {"name": "language", "value": "cpython3"}, {"name": "package", "value": "tests.test_security"}]}